nohup: no se tendrá en cuenta la entrada

  .   ____          _            __ _ _
 /\\ / ___'_ __ _ _(_)_ __  __ _ \ \ \ \
( ( )\___ | '_ | '_| | '_ \/ _` | \ \ \ \
 \\/  ___)| |_)| | | | | || (_| |  ) ) ) )
  '  |____| .__|_| |_|_| |_\__, | / / / /
 =========|_|==============|___/=/_/_/_/
 :: Spring Boot ::               (v2.7.14)

2025-08-14 15:08:53.865  INFO 39276 --- [           main] com.argy.twofactorauth.Application       : Starting Application v0.0.1-SNAPSHOT using Java 17.0.15 on deneb-911Air with PID 39276 (/home/deneb/Documentos/2FA/target/twofactorauth-0.0.1-SNAPSHOT.jar started by deneb in /home/deneb/Documentos/2FA)
2025-08-14 15:08:53.866  INFO 39276 --- [           main] com.argy.twofactorauth.Application       : No active profile set, falling back to 1 default profile: "default"
2025-08-14 15:08:54.463  INFO 39276 --- [           main] .s.d.r.c.RepositoryConfigurationDelegate : Bootstrapping Spring Data JPA repositories in DEFAULT mode.
2025-08-14 15:08:54.503  INFO 39276 --- [           main] .s.d.r.c.RepositoryConfigurationDelegate : Finished Spring Data repository scanning in 31 ms. Found 2 JPA repository interfaces.
2025-08-14 15:08:54.955  INFO 39276 --- [           main] o.s.b.w.embedded.tomcat.TomcatWebServer  : Tomcat initialized with port(s): 8081 (http)
2025-08-14 15:08:54.963  INFO 39276 --- [           main] o.apache.catalina.core.StandardService   : Starting service [Tomcat]
2025-08-14 15:08:54.963  INFO 39276 --- [           main] org.apache.catalina.core.StandardEngine  : Starting Servlet engine: [Apache Tomcat/9.0.78]
2025-08-14 15:08:55.021  INFO 39276 --- [           main] o.a.c.c.C.[Tomcat].[localhost].[/]       : Initializing Spring embedded WebApplicationContext
2025-08-14 15:08:55.021  INFO 39276 --- [           main] w.s.c.ServletWebServerApplicationContext : Root WebApplicationContext: initialization completed in 1123 ms
2025-08-14 15:08:55.042  INFO 39276 --- [           main] com.zaxxer.hikari.HikariDataSource       : HikariPool-1 - Starting...
2025-08-14 15:08:55.203  INFO 39276 --- [           main] com.zaxxer.hikari.HikariDataSource       : HikariPool-1 - Start completed.
2025-08-14 15:08:55.210  INFO 39276 --- [           main] o.s.b.a.h2.H2ConsoleAutoConfiguration    : H2 console available at '/h2-console'. Database available at 'jdbc:h2:mem:twofactorauth'
2025-08-14 15:08:55.326  INFO 39276 --- [           main] o.hibernate.jpa.internal.util.LogHelper  : HHH000204: Processing PersistenceUnitInfo [name: default]
2025-08-14 15:08:55.359  INFO 39276 --- [           main] org.hibernate.Version                    : HHH000412: Hibernate ORM core version 5.6.15.Final
2025-08-14 15:08:55.457  INFO 39276 --- [           main] o.hibernate.annotations.common.Version   : HCANN000001: Hibernate Commons Annotations {5.1.2.Final}
2025-08-14 15:08:55.520  INFO 39276 --- [           main] org.hibernate.dialect.Dialect            : HHH000400: Using dialect: org.hibernate.dialect.H2Dialect
2025-08-14 15:08:55.979  INFO 39276 --- [           main] o.h.e.t.j.p.i.JtaPlatformInitiator       : HHH000490: Using JtaPlatform implementation: [org.hibernate.engine.transaction.jta.platform.internal.NoJtaPlatform]
2025-08-14 15:08:55.985  INFO 39276 --- [           main] j.LocalContainerEntityManagerFactoryBean : Initialized JPA EntityManagerFactory for persistence unit 'default'
2025-08-14 15:08:56.442  WARN 39276 --- [           main] JpaBaseConfiguration$JpaWebConfiguration : spring.jpa.open-in-view is enabled by default. Therefore, database queries may be performed during view rendering. Explicitly configure spring.jpa.open-in-view to disable this warning
2025-08-14 15:08:57.261  INFO 39276 --- [           main] o.s.b.w.embedded.tomcat.TomcatWebServer  : Tomcat started on port(s): 8081 (http) with context path ''
2025-08-14 15:08:57.269  INFO 39276 --- [           main] com.argy.twofactorauth.Application       : Started Application in 3.687 seconds (JVM running for 3.981)
2025-08-14 15:09:19.743  INFO 39276 --- [nio-8081-exec-1] o.a.c.c.C.[Tomcat].[localhost].[/]       : Initializing Spring DispatcherServlet 'dispatcherServlet'
2025-08-14 15:09:19.743  INFO 39276 --- [nio-8081-exec-1] o.s.web.servlet.DispatcherServlet        : Initializing Servlet 'dispatcherServlet'
2025-08-14 15:09:19.745  INFO 39276 --- [nio-8081-exec-1] o.s.web.servlet.DispatcherServlet        : Completed initialization in 2 ms
